{"numTotalTestSuites":4,"numPassedTestSuites":4,"numFailedTestSuites":0,"numPendingTestSuites":0,"numTotalTests":10,"numPassedTests":10,"numFailedTests":0,"numPendingTests":0,"numTodoTests":0,"snapshot":{"added":0,"failure":false,"filesAdded":0,"filesRemoved":0,"filesRemovedList":[],"filesUnmatched":0,"filesUpdated":0,"matched":0,"total":0,"unchecked":0,"uncheckedKeysByFile":[],"unmatched":0,"updated":0,"didUpdate":false},"startTime":1763051049828,"success":true,"testResults":[{"assertionResults":[{"ancestorTitles":["nutrition calculations"],"fullName":"nutrition calculations calculates weekly totals","status":"passed","title":"calculates weekly totals","duration":9.376200000000154,"failureMessages":[],"meta":{}},{"ancestorTitles":["nutrition calculations"],"fullName":"nutrition calculations calculates daily averages","status":"passed","title":"calculates daily averages","duration":4.961399999999685,"failureMessages":[],"meta":{}},{"ancestorTitles":["nutrition calculations"],"fullName":"nutrition calculations identifies deficiencies","status":"passed","title":"identifies deficiencies","duration":2.377100000000155,"failureMessages":[],"meta":{}},{"ancestorTitles":["nutrition calculations"],"fullName":"nutrition calculations analyzes weekly nutrition","status":"passed","title":"analyzes weekly nutrition","duration":2.2619999999997162,"failureMessages":[],"meta":{}},{"ancestorTitles":["nutrition calculations"],"fullName":"nutrition calculations has valid RDA targets","status":"passed","title":"has valid RDA targets","duration":1.4153000000001157,"failureMessages":[],"meta":{}}],"startTime":1763051052158,"endTime":1763051052178.4153,"status":"passed","message":"","name":"C:/Users/david/felony-fitness-app-production/tests/utils/nutrition.test.js"},{"assertionResults":[{"ancestorTitles":["routine generation"],"fullName":"routine generation generates correct number of routines","status":"passed","title":"generates correct number of routines","duration":12.55179999999973,"failureMessages":[],"meta":{}},{"ancestorTitles":["routine generation"],"fullName":"routine generation includes warmup exercises","status":"passed","title":"includes warmup exercises","duration":1.7277000000003682,"failureMessages":[],"meta":{}},{"ancestorTitles":["routine generation"],"fullName":"routine generation assigns intensity percentages","status":"passed","title":"assigns intensity percentages","duration":1.7654999999999745,"failureMessages":[],"meta":{}},{"ancestorTitles":["routine generation"],"fullName":"routine generation generates routine names","status":"passed","title":"generates routine names","duration":1.7425999999995838,"failureMessages":[],"meta":{}},{"ancestorTitles":["routine generation"],"fullName":"routine generation suggests routine names","status":"passed","title":"suggests routine names","duration":1.3706999999999425,"failureMessages":[],"meta":{}}],"startTime":1763051052163,"endTime":1763051052182.3706,"status":"passed","message":"","name":"C:/Users/david/felony-fitness-app-production/tests/utils/routine.test.js"}]}