{"C:\\Users\\david\\felony-fitness-app\\scripts\\parse_pro_routines_missing_ids.js": {"path":"C:\\Users\\david\\felony-fitness-app\\scripts\\parse_pro_routines_missing_ids.js","statementMap":{"0":{"start":{"line":9,"column":22},"end":{"line":11,"column":57}},"1":{"start":{"line":13,"column":25},"end":{"line":14,"column":167}},"2":{"start":{"line":17,"column":13},"end":{"line":17,"column":77}},"3":{"start":{"line":18,"column":14},"end":{"line":18,"column":23}},"4":{"start":{"line":19,"column":10},"end":{"line":19,"column":14}},"5":{"start":{"line":20,"column":2},"end":{"line":22,"column":3}},"6":{"start":{"line":21,"column":4},"end":{"line":21,"column":32}},"7":{"start":{"line":23,"column":2},"end":{"line":23,"column":13}},"8":{"start":{"line":27,"column":22},"end":{"line":27,"column":43}},"9":{"start":{"line":28,"column":15},"end":{"line":28,"column":68}},"10":{"start":{"line":29,"column":17},"end":{"line":29,"column":90}},"11":{"start":{"line":29,"column":52},"end":{"line":29,"column":89}},"12":{"start":{"line":30,"column":19},"end":{"line":30,"column":21}},"13":{"start":{"line":32,"column":2},"end":{"line":49,"column":3}},"14":{"start":{"line":33,"column":19},"end":{"line":33,"column":53}},"15":{"start":{"line":34,"column":27},"end":{"line":34,"column":75}},"16":{"start":{"line":35,"column":20},"end":{"line":35,"column":22}},"17":{"start":{"line":36,"column":4},"end":{"line":47,"column":5}},"18":{"start":{"line":37,"column":6},"end":{"line":37,"column":45}},"19":{"start":{"line":38,"column":6},"end":{"line":38,"column":61}},"20":{"start":{"line":38,"column":37},"end":{"line":38,"column":61}},"21":{"start":{"line":41,"column":6},"end":{"line":41,"column":15}},"22":{"start":{"line":42,"column":17},"end":{"line":42,"column":58}},"23":{"start":{"line":43,"column":18},"end":{"line":43,"column":20}},"24":{"start":{"line":44,"column":15},"end":{"line":44,"column":19}},"25":{"start":{"line":45,"column":6},"end":{"line":45,"column":84}},"26":{"start":{"line":45,"column":54},"end":{"line":45,"column":84}},"27":{"start":{"line":46,"column":6},"end":{"line":46,"column":57}},"28":{"start":{"line":46,"column":35},"end":{"line":46,"column":54}},"29":{"start":{"line":48,"column":4},"end":{"line":48,"column":33}},"30":{"start":{"line":51,"column":2},"end":{"line":51,"column":18}},"31":{"start":{"line":55,"column":22},"end":{"line":55,"column":49}},"32":{"start":{"line":56,"column":22},"end":{"line":56,"column":66}},"33":{"start":{"line":58,"column":21},"end":{"line":58,"column":30}},"34":{"start":{"line":59,"column":2},"end":{"line":64,"column":3}},"35":{"start":{"line":60,"column":4},"end":{"line":63,"column":5}},"36":{"start":{"line":61,"column":17},"end":{"line":61,"column":56}},"37":{"start":{"line":62,"column":6},"end":{"line":62,"column":55}},"38":{"start":{"line":62,"column":14},"end":{"line":62,"column":55}},"39":{"start":{"line":66,"column":18},"end":{"line":66,"column":77}},"40":{"start":{"line":66,"column":56},"end":{"line":66,"column":76}},"41":{"start":{"line":68,"column":2},"end":{"line":71,"column":3}},"42":{"start":{"line":69,"column":4},"end":{"line":69,"column":34}},"43":{"start":{"line":70,"column":4},"end":{"line":70,"column":13}},"44":{"start":{"line":73,"column":2},"end":{"line":73,"column":51}},"45":{"start":{"line":73,"column":28},"end":{"line":73,"column":51}},"46":{"start":{"line":74,"column":2},"end":{"line":74,"column":11}}},"fnMap":{"0":{"name":"extractUuids","decl":{"start":{"line":16,"column":9},"end":{"line":16,"column":21}},"loc":{"start":{"line":16,"column":28},"end":{"line":24,"column":1}},"line":16},"1":{"name":"parseProRoutinesFromValues","decl":{"start":{"line":26,"column":16},"end":{"line":26,"column":42}},"loc":{"start":{"line":26,"column":48},"end":{"line":52,"column":1}},"line":26},"2":{"name":"(anonymous_2)","decl":{"start":{"line":29,"column":45},"end":{"line":29,"column":46}},"loc":{"start":{"line":29,"column":52},"end":{"line":29,"column":89}},"line":29},"3":{"name":"(anonymous_3)","decl":{"start":{"line":46,"column":26},"end":{"line":46,"column":27}},"loc":{"start":{"line":46,"column":35},"end":{"line":46,"column":54}},"line":46},"4":{"name":"main","decl":{"start":{"line":54,"column":16},"end":{"line":54,"column":20}},"loc":{"start":{"line":54,"column":23},"end":{"line":75,"column":null}},"line":54},"5":{"name":"(anonymous_5)","decl":{"start":{"line":66,"column":48},"end":{"line":66,"column":49}},"loc":{"start":{"line":66,"column":56},"end":{"line":66,"column":76}},"line":66}},"branchMap":{"0":{"loc":{"start":{"line":28,"column":15},"end":{"line":28,"column":68}},"type":"cond-expr","locations":[{"start":{"line":28,"column":36},"end":{"line":28,"column":39}},{"start":{"line":28,"column":42},"end":{"line":28,"column":68}}],"line":28},"1":{"loc":{"start":{"line":33,"column":19},"end":{"line":33,"column":53}},"type":"binary-expr","locations":[{"start":{"line":33,"column":19},"end":{"line":33,"column":47}},{"start":{"line":33,"column":51},"end":{"line":33,"column":53}}],"line":33},"2":{"loc":{"start":{"line":34,"column":27},"end":{"line":34,"column":75}},"type":"cond-expr","locations":[{"start":{"line":34,"column":39},"end":{"line":34,"column":70}},{"start":{"line":34,"column":73},"end":{"line":34,"column":75}}],"line":34},"3":{"loc":{"start":{"line":38,"column":6},"end":{"line":38,"column":61}},"type":"if","locations":[{"start":{"line":38,"column":6},"end":{"line":38,"column":61}},{"start":{},"end":{}}],"line":38},"4":{"loc":{"start":{"line":61,"column":17},"end":{"line":61,"column":56}},"type":"binary-expr","locations":[{"start":{"line":61,"column":18},"end":{"line":61,"column":20}},{"start":{"line":61,"column":25},"end":{"line":61,"column":39}},{"start":{"line":61,"column":43},"end":{"line":61,"column":48}},{"start":{"line":61,"column":54},"end":{"line":61,"column":56}}],"line":61},"5":{"loc":{"start":{"line":62,"column":6},"end":{"line":62,"column":55}},"type":"if","locations":[{"start":{"line":62,"column":6},"end":{"line":62,"column":55}},{"start":{},"end":{}}],"line":62},"6":{"loc":{"start":{"line":68,"column":2},"end":{"line":71,"column":3}},"type":"if","locations":[{"start":{"line":68,"column":2},"end":{"line":71,"column":3}},{"start":{},"end":{}}],"line":68}},"s":{"0":1,"1":1,"2":0,"3":0,"4":0,"5":0,"6":0,"7":0,"8":2,"9":2,"10":2,"11":2,"12":2,"13":2,"14":2,"15":2,"16":2,"17":2,"18":2,"19":2,"20":0,"21":1,"22":1,"23":1,"24":1,"25":1,"26":1,"27":1,"28":1,"29":2,"30":2,"31":0,"32":0,"33":0,"34":0,"35":0,"36":0,"37":0,"38":0,"39":0,"40":0,"41":0,"42":0,"43":0,"44":0,"45":0,"46":0},"f":{"0":0,"1":2,"2":2,"3":1,"4":0,"5":0},"b":{"0":[0,2],"1":[2,0],"2":[2,0],"3":[0,2],"4":[0,0,0,0],"5":[0,0],"6":[0,0]},"meta":{"lastBranch":7,"lastFunction":6,"lastStatement":47,"seen":{"s:9:22:11:57":0,"s:13:25:14:167":1,"f:16:9:16:21":0,"s:17:13:17:77":2,"s:18:14:18:23":3,"s:19:10:19:14":4,"s:20:2:22:3":5,"s:21:4:21:32":6,"s:23:2:23:13":7,"f:26:16:26:42":1,"s:27:22:27:43":8,"s:28:15:28:68":9,"b:28:36:28:39:28:42:28:68":0,"s:29:17:29:90":10,"f:29:45:29:46":2,"s:29:52:29:89":11,"s:30:19:30:21":12,"s:32:2:49:3":13,"s:33:19:33:53":14,"b:33:19:33:47:33:51:33:53":1,"s:34:27:34:75":15,"b:34:39:34:70:34:73:34:75":2,"s:35:20:35:22":16,"s:36:4:47:5":17,"s:37:6:37:45":18,"b:38:6:38:61:undefined:undefined:undefined:undefined":3,"s:38:6:38:61":19,"s:38:37:38:61":20,"s:41:6:41:15":21,"s:42:17:42:58":22,"s:43:18:43:20":23,"s:44:15:44:19":24,"s:45:6:45:84":25,"s:45:54:45:84":26,"s:46:6:46:57":27,"f:46:26:46:27":3,"s:46:35:46:54":28,"s:48:4:48:33":29,"s:51:2:51:18":30,"f:54:16:54:20":4,"s:55:22:55:49":31,"s:56:22:56:66":32,"s:58:21:58:30":33,"s:59:2:64:3":34,"s:60:4:63:5":35,"s:61:17:61:56":36,"b:61:18:61:20:61:25:61:39:61:43:61:48:61:54:61:56":4,"b:62:6:62:55:undefined:undefined:undefined:undefined":5,"s:62:6:62:55":37,"s:62:14:62:55":38,"s:66:18:66:77":39,"f:66:48:66:49":5,"s:66:56:66:76":40,"b:68:2:71:3:undefined:undefined:undefined:undefined":6,"s:68:2:71:3":41,"s:69:4:69:34":42,"s:70:4:70:13":43,"s:73:2:73:51":44,"s:73:28:73:51":45,"s:74:2:74:11":46}}}
,"C:\\Users\\david\\felony-fitness-app\\src\\App.css": {"path":"C:\\Users\\david\\felony-fitness-app\\src\\App.css","statementMap":{},"fnMap":{},"branchMap":{},"s":{},"f":{},"b":{},"meta":{"lastBranch":0,"lastFunction":0,"lastStatement":0,"seen":{}}}
,"C:\\Users\\david\\felony-fitness-app\\src\\App.jsx": {"path":"C:\\Users\\david\\felony-fitness-app\\src\\App.jsx","statementMap":{"0":{"start":{"line":35,"column":2},"end":{"line":50,"column":null}}},"fnMap":{"0":{"name":"App","decl":{"start":{"line":34,"column":9},"end":{"line":34,"column":15}},"loc":{"start":{"line":34,"column":15},"end":{"line":52,"column":null}},"line":34}},"branchMap":{},"s":{"0":2},"f":{"0":2},"b":{},"meta":{"lastBranch":0,"lastFunction":1,"lastStatement":1,"seen":{"f:34:9:34:15":0,"s:35:2:50:Infinity":0}}}
,"C:\\Users\\david\\felony-fitness-app\\src\\lib\\cycleUtils.js": {"path":"C:\\Users\\david\\felony-fitness-app\\src\\lib\\cycleUtils.js","statementMap":{"0":{"start":{"line":14,"column":2},"end":{"line":22,"column":3}},"1":{"start":{"line":14,"column":18},"end":{"line":14,"column":37}},"2":{"start":{"line":15,"column":7},"end":{"line":22,"column":3}},"3":{"start":{"line":17,"column":18},"end":{"line":17,"column":60}},"4":{"start":{"line":17,"column":50},"end":{"line":17,"column":59}},"5":{"start":{"line":19,"column":4},"end":{"line":19,"column":67}},"6":{"start":{"line":21,"column":4},"end":{"line":21,"column":32}},"7":{"start":{"line":24,"column":15},"end":{"line":24,"column":79}},"8":{"start":{"line":26,"column":2},"end":{"line":37,"column":5}},"9":{"start":{"line":27,"column":23},"end":{"line":27,"column":66}},"10":{"start":{"line":28,"column":14},"end":{"line":28,"column":28}},"11":{"start":{"line":29,"column":4},"end":{"line":29,"column":43}},"12":{"start":{"line":30,"column":16},"end":{"line":30,"column":44}},"13":{"start":{"line":31,"column":4},"end":{"line":36,"column":6}}},"fnMap":{"0":{"name":"generateSessionDates","decl":{"start":{"line":12,"column":16},"end":{"line":12,"column":36}},"loc":{"start":{"line":12,"column":66},"end":{"line":38,"column":1}},"line":12},"1":{"name":"(anonymous_1)","decl":{"start":{"line":17,"column":43},"end":{"line":17,"column":44}},"loc":{"start":{"line":17,"column":50},"end":{"line":17,"column":59}},"line":17},"2":{"name":"(anonymous_2)","decl":{"start":{"line":26,"column":25},"end":{"line":26,"column":26}},"loc":{"start":{"line":26,"column":32},"end":{"line":37,"column":3}},"line":26}},"branchMap":{"0":{"loc":{"start":{"line":12,"column":48},"end":{"line":12,"column":64}},"type":"default-arg","locations":[{"start":{"line":12,"column":62},"end":{"line":12,"column":64}}],"line":12},"1":{"loc":{"start":{"line":14,"column":2},"end":{"line":22,"column":3}},"type":"if","locations":[{"start":{"line":14,"column":2},"end":{"line":22,"column":3}},{"start":{"line":15,"column":7},"end":{"line":22,"column":3}}],"line":14},"2":{"loc":{"start":{"line":15,"column":7},"end":{"line":22,"column":3}},"type":"if","locations":[{"start":{"line":15,"column":7},"end":{"line":22,"column":3}},{"start":{"line":20,"column":9},"end":{"line":22,"column":3}}],"line":15},"3":{"loc":{"start":{"line":19,"column":32},"end":{"line":19,"column":45}},"type":"binary-expr","locations":[{"start":{"line":19,"column":32},"end":{"line":19,"column":40}},{"start":{"line":19,"column":44},"end":{"line":19,"column":45}}],"line":19},"4":{"loc":{"start":{"line":19,"column":52},"end":{"line":19,"column":65}},"type":"binary-expr","locations":[{"start":{"line":19,"column":52},"end":{"line":19,"column":60}},{"start":{"line":19,"column":64},"end":{"line":19,"column":65}}],"line":19},"5":{"loc":{"start":{"line":27,"column":49},"end":{"line":27,"column":65}},"type":"binary-expr","locations":[{"start":{"line":27,"column":49},"end":{"line":27,"column":60}},{"start":{"line":27,"column":64},"end":{"line":27,"column":65}}],"line":27},"6":{"loc":{"start":{"line":33,"column":17},"end":{"line":33,"column":33}},"type":"binary-expr","locations":[{"start":{"line":33,"column":17},"end":{"line":33,"column":28}},{"start":{"line":33,"column":32},"end":{"line":33,"column":33}}],"line":33},"7":{"loc":{"start":{"line":35,"column":18},"end":{"line":35,"column":38}},"type":"binary-expr","locations":[{"start":{"line":35,"column":18},"end":{"line":35,"column":30}},{"start":{"line":35,"column":34},"end":{"line":35,"column":38}}],"line":35}},"s":{"0":1,"1":0,"2":1,"3":1,"4":3,"5":1,"6":0,"7":1,"8":1,"9":3,"10":3,"11":3,"12":3,"13":3},"f":{"0":1,"1":3,"2":3},"b":{"0":[1],"1":[0,1],"2":[1,0],"3":[1,0],"4":[1,0],"5":[3,2],"6":[3,0],"7":[3,0]},"meta":{"lastBranch":8,"lastFunction":3,"lastStatement":14,"seen":{"f:12:16:12:36":0,"b:12:62:12:64":0,"b:14:2:22:3:15:7:22:3":1,"s:14:2:22:3":0,"s:14:18:14:37":1,"b:15:7:22:3:20:9:22:3":2,"s:15:7:22:3":2,"s:17:18:17:60":3,"f:17:43:17:44":1,"s:17:50:17:59":4,"s:19:4:19:67":5,"b:19:32:19:40:19:44:19:45":3,"b:19:52:19:60:19:64:19:65":4,"s:21:4:21:32":6,"s:24:15:24:79":7,"s:26:2:37:5":8,"f:26:25:26:26":2,"s:27:23:27:66":9,"b:27:49:27:60:27:64:27:65":5,"s:28:14:28:28":10,"s:29:4:29:43":11,"s:30:16:30:44":12,"s:31:4:36:6":13,"b:33:17:33:28:33:32:33:33":6,"b:35:18:35:30:35:34:35:38":7}}}
}
