TN:
SF:scripts\parse_pro_routines_missing_ids.js
FN:16,extractUuids
FN:26,parseProRoutinesFromValues
FN:29,(anonymous_2)
FN:46,(anonymous_3)
FN:54,main
FN:66,(anonymous_5)
FNF:6
FNH:3
FNDA:0,extractUuids
FNDA:2,parseProRoutinesFromValues
FNDA:2,(anonymous_2)
FNDA:1,(anonymous_3)
FNDA:0,main
FNDA:0,(anonymous_5)
DA:9,1
DA:13,1
DA:17,0
DA:18,0
DA:19,0
DA:20,0
DA:21,0
DA:23,0
DA:27,2
DA:28,2
DA:29,2
DA:30,2
DA:32,2
DA:33,2
DA:34,2
DA:35,2
DA:36,2
DA:37,2
DA:38,2
DA:41,1
DA:42,1
DA:43,1
DA:44,1
DA:45,1
DA:46,1
DA:48,2
DA:51,2
DA:55,0
DA:56,0
DA:58,0
DA:59,0
DA:60,0
DA:61,0
DA:62,0
DA:66,0
DA:68,0
DA:69,0
DA:70,0
DA:73,0
DA:74,0
LF:40
LH:21
BRDA:28,0,0,0
BRDA:28,0,1,2
BRDA:33,1,0,2
BRDA:33,1,1,0
BRDA:34,2,0,2
BRDA:34,2,1,0
BRDA:38,3,0,0
BRDA:38,3,1,2
BRDA:61,4,0,0
BRDA:61,4,1,0
BRDA:61,4,2,0
BRDA:61,4,3,0
BRDA:62,5,0,0
BRDA:62,5,1,0
BRDA:68,6,0,0
BRDA:68,6,1,0
BRF:16
BRH:4
end_of_record
TN:
SF:src\App.css
FNF:0
FNH:0
LF:0
LH:0
BRF:0
BRH:0
end_of_record
TN:
SF:src\App.jsx
FN:34,App
FNF:1
FNH:1
FNDA:2,App
DA:35,2
LF:1
LH:1
BRF:0
BRH:0
end_of_record
TN:
SF:src\lib\cycleUtils.js
FN:12,generateSessionDates
FN:17,(anonymous_1)
FN:26,(anonymous_2)
FNF:3
FNH:3
FNDA:1,generateSessionDates
FNDA:3,(anonymous_1)
FNDA:3,(anonymous_2)
DA:14,1
DA:15,1
DA:17,3
DA:19,1
DA:21,0
DA:24,1
DA:26,1
DA:27,3
DA:28,3
DA:29,3
DA:30,3
DA:31,3
LF:12
LH:11
BRDA:12,0,0,1
BRDA:14,1,0,0
BRDA:14,1,1,1
BRDA:15,2,0,1
BRDA:15,2,1,0
BRDA:19,3,0,1
BRDA:19,3,1,0
BRDA:19,4,0,1
BRDA:19,4,1,0
BRDA:27,5,0,3
BRDA:27,5,1,2
BRDA:33,6,0,3
BRDA:33,6,1,0
BRDA:35,7,0,3
BRDA:35,7,1,0
BRF:15
BRH:9
end_of_record
